# JRE version: OpenJDK Runtime Environment (11.0.13) (build 11.0.13+0-b1751.21-8125866)
# Java VM: OpenJDK 64-Bit Server VM (11.0.13+0-b1751.21-8125866, mixed mode, tiered, compressed oops, g1 gc, windows-amd64)
Heap:
 garbage-first heap   total 315392K, used 211968K [0x0000000701400000, 0x0000000800000000)
  region size 1024K, 157 young (160768K), 15 survivors (15360K)
 Metaspace       used 88204K, capacity 89046K, committed 89324K, reserved 1128448K
  class space    used 9317K, capacity 9684K, committed 9760K, reserved 1048576K
GC Heap History (16 events):
Event: 0.460 GC heap before
{Heap before GC invocations=0 (full 0):
 garbage-first heap   total 262144K, used 18432K [0x0000000701400000, 0x0000000800000000)
  region size 1024K, 14 young (14336K), 0 survivors (0K)
 Metaspace       used 9869K, capacity 9970K, committed 10112K, reserved 1058816K
  class space    used 828K, capacity 853K, committed 896K, reserved 1048576K
}
Event: 0.463 GC heap after
{Heap after GC invocations=1 (full 0):
 garbage-first heap   total 262144K, used 6278K [0x0000000701400000, 0x0000000800000000)
  region size 1024K, 2 young (2048K), 2 survivors (2048K)
 Metaspace       used 9869K, capacity 9970K, committed 10112K, reserved 1058816K
  class space    used 828K, capacity 853K, committed 896K, reserved 1048576K
}
Event: 1.276 GC heap before
{Heap before GC invocations=1 (full 0):
 garbage-first heap   total 262144K, used 53382K [0x0000000701400000, 0x0000000800000000)
  region size 1024K, 49 young (50176K), 2 survivors (2048K)
 Metaspace       used 20955K, capacity 21188K, committed 21248K, reserved 1069056K
  class space    used 2218K, capacity 2303K, committed 2304K, reserved 1048576K
}
Event: 1.287 GC heap after
{Heap after GC invocations=2 (full 0):
 garbage-first heap   total 262144K, used 10909K [0x0000000701400000, 0x0000000800000000)
  region size 1024K, 7 young (7168K), 7 survivors (7168K)
 Metaspace       used 20955K, capacity 21188K, committed 21248K, reserved 1069056K
  class space    used 2218K, capacity 2303K, committed 2304K, reserved 1048576K
}
Event: 2.120 GC heap before
{Heap before GC invocations=3 (full 0):
 garbage-first heap   total 262144K, used 66205K [0x0000000701400000, 0x0000000800000000)
  region size 1024K, 55 young (56320K), 7 survivors (7168K)
 Metaspace       used 32470K, capacity 32839K, committed 32896K, reserved 1077248K
  class space    used 4018K, capacity 4178K, committed 4224K, reserved 1048576K
}
Event: 2.130 GC heap after
{Heap after GC invocations=4 (full 0):
 garbage-first heap   total 262144K, used 23482K [0x0000000701400000, 0x0000000800000000)
  region size 1024K, 7 young (7168K), 7 survivors (7168K)
 Metaspace       used 32470K, capacity 32839K, committed 32896K, reserved 1077248K
  class space    used 4018K, capacity 4178K, committed 4224K, reserved 1048576K
}
Event: 2.303 GC heap before
{Heap before GC invocations=4 (full 0):
 garbage-first heap   total 262144K, used 34746K [0x0000000701400000, 0x0000000800000000)
  region size 1024K, 19 young (19456K), 7 survivors (7168K)
 Metaspace       used 35088K, capacity 35559K, committed 35628K, reserved 1081344K
  class space    used 4310K, capacity 4466K, committed 4480K, reserved 1048576K
}
Event: 2.315 GC heap after
{Heap after GC invocations=5 (full 0):
 garbage-first heap   total 262144K, used 25329K [0x0000000701400000, 0x0000000800000000)
  region size 1024K, 2 young (2048K), 2 survivors (2048K)
 Metaspace       used 35088K, capacity 35559K, committed 35628K, reserved 1081344K
  class space    used 4310K, capacity 4466K, committed 4480K, reserved 1048576K
}
Event: 3.717 GC heap before
{Heap before GC invocations=6 (full 0):
 garbage-first heap   total 262144K, used 109297K [0x0000000701400000, 0x0000000800000000)
  region size 1024K, 81 young (82944K), 2 survivors (2048K)
 Metaspace       used 48351K, capacity 48871K, committed 49152K, reserved 1093632K
  class space    used 5636K, capacity 5847K, committed 5888K, reserved 1048576K
}
Event: 3.728 GC heap after
{Heap after GC invocations=7 (full 0):
 garbage-first heap   total 315392K, used 37135K [0x0000000701400000, 0x0000000800000000)
  region size 1024K, 11 young (11264K), 11 survivors (11264K)
 Metaspace       used 48351K, capacity 48871K, committed 49152K, reserved 1093632K
  class space    used 5636K, capacity 5847K, committed 5888K, reserved 1048576K
}
Event: 6.535 GC heap before
{Heap before GC invocations=7 (full 0):
 garbage-first heap   total 315392K, used 126223K [0x0000000701400000, 0x0000000800000000)
  region size 1024K, 98 young (100352K), 11 survivors (11264K)
 Metaspace       used 56338K, capacity 56954K, committed 57088K, reserved 1099776K
  class space    used 6333K, capacity 6588K, committed 6656K, reserved 1048576K
}
Event: 6.552 GC heap after
{Heap after GC invocations=8 (full 0):
 garbage-first heap   total 315392K, used 50288K [0x0000000701400000, 0x0000000800000000)
  region size 1024K, 13 young (13312K), 13 survivors (13312K)
 Metaspace       used 56338K, capacity 56954K, committed 57088K, reserved 1099776K
  class space    used 6333K, capacity 6588K, committed 6656K, reserved 1048576K
}
Event: 7.555 GC heap before
{Heap before GC invocations=8 (full 0):
 garbage-first heap   total 315392K, used 95344K [0x0000000701400000, 0x0000000800000000)
  region size 1024K, 58 young (59392K), 13 survivors (13312K)
 Metaspace       used 59093K, capacity 59732K, committed 59936K, reserved 1101824K
  class space    used 6638K, capacity 6917K, committed 6944K, reserved 1048576K
}
Event: 7.596 GC heap after
{Heap after GC invocations=9 (full 0):
 garbage-first heap   total 315392K, used 57248K [0x0000000701400000, 0x0000000800000000)
  region size 1024K, 7 young (7168K), 7 survivors (7168K)
 Metaspace       used 59093K, capacity 59732K, committed 59936K, reserved 1101824K
  class space    used 6638K, capacity 6917K, committed 6944K, reserved 1048576K
}
Event: 12.184 GC heap before
{Heap before GC invocations=10 (full 0):
 garbage-first heap   total 315392K, used 167840K [0x0000000701400000, 0x0000000800000000)
  region size 1024K, 115 young (117760K), 7 survivors (7168K)
 Metaspace       used 72652K, capacity 73481K, committed 73580K, reserved 1114112K
  class space    used 7954K, capacity 8295K, committed 8352K, reserved 1048576K
}
Event: 12.205 GC heap after
{Heap after GC invocations=11 (full 0):
 garbage-first heap   total 315392K, used 68608K [0x0000000701400000, 0x0000000800000000)
  region size 1024K, 15 young (15360K), 15 survivors (15360K)
 Metaspace       used 72652K, capacity 73481K, committed 73580K, reserved 1114112K
  class space    used 7954K, capacity 8295K, committed 8352K, reserved 1048576K
}

