# JRE version: OpenJDK Runtime Environment (11.0.13) (build 11.0.13+0-b1751.21-8125866)
# Java VM: OpenJDK 64-Bit Server VM (11.0.13+0-b1751.21-8125866, mixed mode, tiered, compressed oops, g1 gc, windows-amd64)
Heap:
 garbage-first heap   total 315392K, used 81408K [0x0000000701400000, 0x0000000800000000)
  region size 1024K, 32 young (32768K), 16 survivors (16384K)
 Metaspace       used 75123K, capacity 75970K, committed 76160K, reserved 1116160K
  class space    used 8212K, capacity 8552K, committed 8576K, reserved 1048576K
GC Heap History (16 events):
Event: 0.364 GC heap before
{Heap before GC invocations=0 (full 0):
 garbage-first heap   total 262144K, used 18432K [0x0000000701400000, 0x0000000800000000)
  region size 1024K, 14 young (14336K), 0 survivors (0K)
 Metaspace       used 9872K, capacity 9970K, committed 10112K, reserved 1058816K
  class space    used 827K, capacity 853K, committed 896K, reserved 1048576K
}
Event: 0.366 GC heap after
{Heap after GC invocations=1 (full 0):
 garbage-first heap   total 262144K, used 6274K [0x0000000701400000, 0x0000000800000000)
  region size 1024K, 2 young (2048K), 2 survivors (2048K)
 Metaspace       used 9872K, capacity 9970K, committed 10112K, reserved 1058816K
  class space    used 827K, capacity 853K, committed 896K, reserved 1048576K
}
Event: 1.038 GC heap before
{Heap before GC invocations=1 (full 0):
 garbage-first heap   total 262144K, used 54402K [0x0000000701400000, 0x0000000800000000)
  region size 1024K, 50 young (51200K), 2 survivors (2048K)
 Metaspace       used 20943K, capacity 21124K, committed 21248K, reserved 1069056K
  class space    used 2218K, capacity 2303K, committed 2304K, reserved 1048576K
}
Event: 1.049 GC heap after
{Heap after GC invocations=2 (full 0):
 garbage-first heap   total 262144K, used 10862K [0x0000000701400000, 0x0000000800000000)
  region size 1024K, 7 young (7168K), 7 survivors (7168K)
 Metaspace       used 20943K, capacity 21124K, committed 21248K, reserved 1069056K
  class space    used 2218K, capacity 2303K, committed 2304K, reserved 1048576K
}
Event: 1.867 GC heap before
{Heap before GC invocations=3 (full 0):
 garbage-first heap   total 262144K, used 67182K [0x0000000701400000, 0x0000000800000000)
  region size 1024K, 56 young (57344K), 7 survivors (7168K)
 Metaspace       used 32710K, capacity 33159K, committed 33280K, reserved 1079296K
  class space    used 4062K, capacity 4242K, committed 4352K, reserved 1048576K
}
Event: 1.878 GC heap after
{Heap after GC invocations=4 (full 0):
 garbage-first heap   total 262144K, used 23522K [0x0000000701400000, 0x0000000800000000)
  region size 1024K, 7 young (7168K), 7 survivors (7168K)
 Metaspace       used 32710K, capacity 33159K, committed 33280K, reserved 1079296K
  class space    used 4062K, capacity 4242K, committed 4352K, reserved 1048576K
}
Event: 2.007 GC heap before
{Heap before GC invocations=4 (full 0):
 garbage-first heap   total 262144K, used 33762K [0x0000000701400000, 0x0000000800000000)
  region size 1024K, 18 young (18432K), 7 survivors (7168K)
 Metaspace       used 35076K, capacity 35463K, committed 35584K, reserved 1081344K
  class space    used 4317K, capacity 4498K, committed 4608K, reserved 1048576K
}
Event: 2.017 GC heap after
{Heap after GC invocations=5 (full 0):
 garbage-first heap   total 262144K, used 25149K [0x0000000701400000, 0x0000000800000000)
  region size 1024K, 2 young (2048K), 2 survivors (2048K)
 Metaspace       used 35076K, capacity 35463K, committed 35584K, reserved 1081344K
  class space    used 4317K, capacity 4498K, committed 4608K, reserved 1048576K
}
Event: 2.992 GC heap before
{Heap before GC invocations=6 (full 0):
 garbage-first heap   total 262144K, used 103997K [0x0000000701400000, 0x0000000800000000)
  region size 1024K, 76 young (77824K), 2 survivors (2048K)
 Metaspace       used 48272K, capacity 48807K, committed 48896K, reserved 1091584K
  class space    used 5638K, capacity 5847K, committed 5888K, reserved 1048576K
}
Event: 3.003 GC heap after
{Heap after GC invocations=7 (full 0):
 garbage-first heap   total 315392K, used 34816K [0x0000000701400000, 0x0000000800000000)
  region size 1024K, 10 young (10240K), 10 survivors (10240K)
 Metaspace       used 48272K, capacity 48807K, committed 48896K, reserved 1091584K
  class space    used 5638K, capacity 5847K, committed 5888K, reserved 1048576K
}
Event: 4.537 GC heap before
{Heap before GC invocations=7 (full 0):
 garbage-first heap   total 315392K, used 125952K [0x0000000701400000, 0x0000000800000000)
  region size 1024K, 99 young (101376K), 10 survivors (10240K)
 Metaspace       used 56190K, capacity 56823K, committed 57088K, reserved 1099776K
  class space    used 6328K, capacity 6588K, committed 6656K, reserved 1048576K
}
Event: 4.558 GC heap after
{Heap after GC invocations=8 (full 0):
 garbage-first heap   total 315392K, used 45980K [0x0000000701400000, 0x0000000800000000)
  region size 1024K, 13 young (13312K), 13 survivors (13312K)
 Metaspace       used 56190K, capacity 56823K, committed 57088K, reserved 1099776K
  class space    used 6328K, capacity 6588K, committed 6656K, reserved 1048576K
}
Event: 5.251 GC heap before
{Heap before GC invocations=8 (full 0):
 garbage-first heap   total 315392K, used 95132K [0x0000000701400000, 0x0000000800000000)
  region size 1024K, 62 young (63488K), 13 survivors (13312K)
 Metaspace       used 58949K, capacity 59586K, committed 59648K, reserved 1101824K
  class space    used 6630K, capacity 6912K, committed 6912K, reserved 1048576K
}
Event: 5.289 GC heap after
{Heap after GC invocations=9 (full 0):
 garbage-first heap   total 315392K, used 52863K [0x0000000701400000, 0x0000000800000000)
  region size 1024K, 7 young (7168K), 7 survivors (7168K)
 Metaspace       used 58949K, capacity 59586K, committed 59648K, reserved 1101824K
  class space    used 6630K, capacity 6912K, committed 6912K, reserved 1048576K
}
Event: 8.297 GC heap before
{Heap before GC invocations=10 (full 0):
 garbage-first heap   total 315392K, used 171647K [0x0000000701400000, 0x0000000800000000)
  region size 1024K, 123 young (125952K), 7 survivors (7168K)
 Metaspace       used 73174K, capacity 74044K, committed 74240K, reserved 1116160K
  class space    used 7998K, capacity 8359K, committed 8448K, reserved 1048576K
}
Event: 8.324 GC heap after
{Heap after GC invocations=11 (full 0):
 garbage-first heap   total 315392K, used 66048K [0x0000000701400000, 0x0000000800000000)
  region size 1024K, 16 young (16384K), 16 survivors (16384K)
 Metaspace       used 73174K, capacity 74044K, committed 74240K, reserved 1116160K
  class space    used 7998K, capacity 8359K, committed 8448K, reserved 1048576K
}

